<?xml version="1.0" encoding="utf-8"?><testsuites name="pytest tests"><testsuite name="pytest" errors="0" failures="0" skipped="0" tests="12" time="4.119" timestamp="2026-08-18T14:04:00.061142+00:00" hostname="agent-env-1100efe4-5903-4a05-9e40-dcb207e15859"><testcase classname="tests.backend_test.TestPublic" name="test_root" time="0.458" /><testcase classname="tests.backend_test.TestPublic" name="test_menu_has_5_items" time="0.304" /><testcase classname="tests.backend_test.TestAuth" name="test_login_ok" time="0.767" /><testcase classname="tests.backend_test.TestPublic" name="test_gallery" time="0.088" /><testcase classname="tests.backend_test.TestAuth" name="test_me" time="0.086" /><testcase classname="tests.backend_test.TestAuth" name="test_me_requires_token" time="0.468" /><testcase classname="tests.backend_test.TestPublic" name="test_reviews_shape" time="0.086" /><testcase classname="tests.backend_test.TestReservationFlow" name="test_create_and_manage" time="0.944" /><testcase classname="tests.backend_test.TestAuth" name="test_admin_endpoints_require_auth" time="0.491" /><testcase classname="tests.backend_test.TestReviewFlow" name="test_submit_and_moderate" time="0.461" /><testcase classname="tests.backend_test.TestReservationFlow" name="test_past_date_rejected" time="0.086" /><testcase classname="tests.backend_test.TestReviewFlow" name="test_review_validation" time="0.083" /></testsuite></testsuites>